Checking for MMDB_lookup_string in -lmaxminddb ...
Checking for maxminddb_config.h ...
Checking for unsigned __int128 ...
Checking for compute result of (MMDB_UINT128_IS_BYTE_ARRAY) ...
compile stage failed - error building testkf5J27.o from 'testkf5J27.c' at /home/greg/perl5/perlbrew/perls/perl-5.16.2/lib/5.16.3/ExtUtils/CBuilder/Base.pm line 177.

testkf5J27.c: In function ‘main’:
testkf5J27.c:14:18: error: size of array ‘test_array’ is negative
       static int test_array [(((long int)(MMDB_UINT128_IS_BYTE_ARRAY)) < 0) ? 1 : -1 ];
                  ^

failing program is:
/* defined when library maxminddb is available */
#define HAVE_LIBMAXMINDDB 1
/* defined when unsigned __int128 is available */
#define HAVE_UNSIGNED___INT128 1
/* defined when maxminddb_config.h is available */
#define HAVE_MAXMINDDB_CONFIG_H 1
/* end of conftest.h */

#include <maxminddb_config.h>

  int
  main ()
  {
      static int test_array [(((long int)(MMDB_UINT128_IS_BYTE_ARRAY)) < 0) ? 1 : -1 ];
  test_array [0] = 0
;
    return 0;
  }


compile stage failed - error building testKjgdLs.o from 'testKjgdLs.c' at /home/greg/perl5/perlbrew/perls/perl-5.16.2/lib/5.16.3/ExtUtils/CBuilder/Base.pm line 177.

testKjgdLs.c: In function ‘main’:
testKjgdLs.c:14:18: error: size of array ‘test_array’ is negative
       static int test_array [(((long int)(MMDB_UINT128_IS_BYTE_ARRAY)) > 0) ? 1 : -1 ];
                  ^

failing program is:
/* defined when library maxminddb is available */
#define HAVE_LIBMAXMINDDB 1
/* defined when unsigned __int128 is available */
#define HAVE_UNSIGNED___INT128 1
/* defined when maxminddb_config.h is available */
#define HAVE_MAXMINDDB_CONFIG_H 1
/* end of conftest.h */

#include <maxminddb_config.h>

  int
  main ()
  {
      static int test_array [(((long int)(MMDB_UINT128_IS_BYTE_ARRAY)) > 0) ? 1 : -1 ];
  test_array [0] = 0
;
    return 0;
  }


